[debug] [2021-02-01T14:04:09.038Z] ----------------------------------------------------------------------
[debug] [2021-02-01T14:04:09.041Z] Command:       C:\Program Files\nodejs\node.exe C:\Users\admin\AppData\Roaming\npm\node_modules\firebase-tools\lib\bin\firebase.js init
[debug] [2021-02-01T14:04:09.042Z] CLI Version:   9.2.2
[debug] [2021-02-01T14:04:09.042Z] Platform:      win32
[debug] [2021-02-01T14:04:09.042Z] Node Version:  v12.18.3
[debug] [2021-02-01T14:04:09.044Z] Time:          Mon Feb 01 2021 19:34:09 GMT+0530 (India Standard Time)
[debug] [2021-02-01T14:04:09.044Z] ----------------------------------------------------------------------
[debug] [2021-02-01T14:04:09.044Z] 
[debug] [2021-02-01T14:04:09.053Z] > command requires scopes: ["email","openid","https://www.googleapis.com/auth/cloudplatformprojects.readonly","https://www.googleapis.com/auth/firebase","https://www.googleapis.com/auth/cloud-platform"]
[debug] [2021-02-01T14:04:09.054Z] > authorizing via signed-in user
[info] 
     ######## #### ########  ######## ########     ###     ######  ########
     ##        ##  ##     ## ##       ##     ##  ##   ##  ##       ##
     ######    ##  ########  ######   ########  #########  ######  ######
     ##        ##  ##    ##  ##       ##     ## ##     ##       ## ##
     ##       #### ##     ## ######## ########  ##     ##  ######  ########

You're about to initialize a Firebase project in this directory:

  C:\React\WebDemo\webdemo1

Before we get started, keep in mind:

  * You are currently outside your home directory

[info] 
=== Project Setup
[info] 
[info] First, let's associate this project directory with a Firebase project.
[info] You can create multiple project aliases by running firebase use --add, 
[info] but for now we'll just set up a default project.
[info] 
[debug] [2021-02-01T14:04:44.286Z] > refreshing access token with scopes: []
[debug] [2021-02-01T14:04:44.287Z] >>> HTTP REQUEST POST https://www.googleapis.com/oauth2/v3/token  
 <request body omitted>
[debug] [2021-02-01T14:04:44.504Z] <<< HTTP RESPONSE 200 {"pragma":"no-cache","expires":"Mon, 01 Jan 1990 00:00:00 GMT","cache-control":"no-cache, no-store, max-age=0, must-revalidate","date":"Mon, 01 Feb 2021 14:04:43 GMT","content-type":"application/json; charset=utf-8","vary":"X-Origin, Referer, Origin,Accept-Encoding","server":"scaffolding on HTTPServer2","x-xss-protection":"0","x-frame-options":"SAMEORIGIN","x-content-type-options":"nosniff","alt-svc":"h3-29=\":443\"; ma=2592000,h3-T051=\":443\"; ma=2592000,h3-Q050=\":443\"; ma=2592000,h3-Q046=\":443\"; ma=2592000,h3-Q043=\":443\"; ma=2592000,quic=\":443\"; ma=2592000; v=\"46,43\"","accept-ranges":"none","transfer-encoding":"chunked"}
[debug] [2021-02-01T14:04:44.570Z] >>> [apiv2][query] GET https://firebase.googleapis.com/v1beta1/projects pageSize=100
[debug] [2021-02-01T14:04:45.064Z] <<< [apiv2][status] GET https://firebase.googleapis.com/v1beta1/projects 200
[debug] [2021-02-01T14:04:45.064Z] <<< [apiv2][body] GET https://firebase.googleapis.com/v1beta1/projects [omitted]
[info] i  Using project bootstrap-firebase-52e88 (bootstrap-firebase) 
[info] 
=== Hosting Setup
[info] 
[info] Your public directory is the folder (relative to your project directory) that
[info] will contain Hosting assets to be uploaded with firebase deploy. If you
[info] have a build process for your assets, use your build's output directory.
[info] 
[debug] [2021-02-01T14:05:36.661Z] >>> [apiv2][query] GET https://www.gstatic.com/firebasejs/releases.json [none]
[debug] [2021-02-01T14:05:36.820Z] <<< [apiv2][status] GET https://www.gstatic.com/firebasejs/releases.json 200
[debug] [2021-02-01T14:05:36.821Z] <<< [apiv2][body] GET https://www.gstatic.com/firebasejs/releases.json {"current":{"version":"8.2.5","browserURL":"https://www.gstatic.com/firebasejs/8.2.5/firebase.js","packageURL":"https://www.gstatic.com/firebasejs/8.2.5/firebase.tgz"},"live":{"version":"8.2","browserURL":"https://www.gstatic.com/firebasejs/live/8.2/firebase.js","packageURL":"https://www.gstatic.com/firebasejs/live/8.2/firebase.tgz"},"components":{"analytics":"https://www.gstatic.com/firebasejs/8.2.5/firebase-analytics.js","app":"https://www.gstatic.com/firebasejs/8.2.5/firebase-app.js","auth":"https://www.gstatic.com/firebasejs/8.2.5/firebase-auth.js","database":"https://www.gstatic.com/firebasejs/8.2.5/firebase-database.js","firestore":"https://www.gstatic.com/firebasejs/8.2.5/firebase-firestore.js","functions":"https://www.gstatic.com/firebasejs/8.2.5/firebase-functions.js","installations":"https://www.gstatic.com/firebasejs/8.2.5/firebase-installations.js","messaging":"https://www.gstatic.com/firebasejs/8.2.5/firebase-messaging.js","storage":"https://www.gstatic.com/firebasejs/8.2.5/firebase-storage.js","performance":"https://www.gstatic.com/firebasejs/8.2.5/firebase-performance.js","remote-config":"https://www.gstatic.com/firebasejs/8.2.5/firebase-remote-config.js","firestore.memory":"https://www.gstatic.com/firebasejs/8.2.5/firebase-firestore.memory.js"}}
[info] +  Wrote public/index.html 
[info] 
[info] i  Detected a .git folder at C:\React\WebDemo\webdemo1 
[info] i  Authorizing with GitHub to upload your service account to a GitHub repository's secrets store. 
[info] 
[info] Visit this URL on this device to log in:
[info] https://github.com/login/oauth/authorize?client_id=89cf50f02ac6aaed3484&state=897784141&redirect_uri=http%3A%2F%2Flocalhost%3A9005&scope=read%3Auser%20repo%20public_repo
[info] 
[info] Waiting for authentication...
[debug] [2021-02-01T14:06:36.489Z] >>> HTTP REQUEST POST https://github.com/login/oauth/access_token  
 {"client_id":"89cf50f02ac6aaed3484","client_secret":"3330d14abc895d9a74d5f17cd7a00711fa2c5bf0","code":"9f9f0bced41d487e393c","redirect_uri":"http://localhost:9005","state":"897784141"}
[debug] [2021-02-01T14:06:36.768Z] <<< HTTP RESPONSE 200 {"date":"Mon, 01 Feb 2021 14:06:35 GMT","content-type":"application/json; charset=utf-8","transfer-encoding":"chunked","server":"GitHub.com","status":"200 OK","vary":"X-PJAX, Accept-Encoding, Accept, X-Requested-With, Accept-Encoding","etag":"W/\"153eda67a437f7e2019ddd45c2326188\"","cache-control":"max-age=0, private, must-revalidate","strict-transport-security":"max-age=31536000; includeSubdomains; preload","x-frame-options":"deny","x-content-type-options":"nosniff","x-xss-protection":"1; mode=block","referrer-policy":"origin-when-cross-origin, strict-origin-when-cross-origin","expect-ct":"max-age=2592000, report-uri=\"https://api.github.com/_private/browser/errors\"","content-security-policy":"default-src 'none'; base-uri 'self'; block-all-mixed-content; connect-src 'self' uploads.github.com www.githubstatus.com collector.githubapp.com api.github.com github-cloud.s3.amazonaws.com github-production-repository-file-5c1aeb.s3.amazonaws.com github-production-upload-manifest-file-7fdce7.s3.amazonaws.com github-production-user-asset-6210df.s3.amazonaws.com cdn.optimizely.com logx.optimizely.com/v1/events wss://alive.github.com; font-src github.githubassets.com; form-action 'self' github.com gist.github.com; frame-ancestors 'none'; frame-src render.githubusercontent.com; img-src 'self' data: github.githubassets.com identicons.github.com collector.githubapp.com github-cloud.s3.amazonaws.com *.githubusercontent.com; manifest-src 'self'; media-src 'none'; script-src github.githubassets.com; style-src 'unsafe-inline' github.githubassets.com; worker-src github.com/socket-worker-5029ae85.js gist.github.com/socket-worker-5029ae85.js","x-github-request-id":"D735:1880:225D15:2672FC:60180AEB"}
[debug] [2021-02-01T14:06:36.768Z] >>> [apiv2][query] GET https://api.github.com/user [none]
[debug] [2021-02-01T14:06:37.085Z] <<< [apiv2][status] GET https://api.github.com/user 200
[debug] [2021-02-01T14:06:37.086Z] <<< [apiv2][body] GET https://api.github.com/user {"login":"mohinimraut","id":39580954,"node_id":"MDQ6VXNlcjM5NTgwOTU0","avatar_url":"https://avatars.githubusercontent.com/u/39580954?v=4","gravatar_id":"","url":"https://api.github.com/users/mohinimraut","html_url":"https://github.com/mohinimraut","followers_url":"https://api.github.com/users/mohinimraut/followers","following_url":"https://api.github.com/users/mohinimraut/following{/other_user}","gists_url":"https://api.github.com/users/mohinimraut/gists{/gist_id}","starred_url":"https://api.github.com/users/mohinimraut/starred{/owner}{/repo}","subscriptions_url":"https://api.github.com/users/mohinimraut/subscriptions","organizations_url":"https://api.github.com/users/mohinimraut/orgs","repos_url":"https://api.github.com/users/mohinimraut/repos","events_url":"https://api.github.com/users/mohinimraut/events{/privacy}","received_events_url":"https://api.github.com/users/mohinimraut/received_events","type":"User","site_admin":false,"name":null,"company":null,"blog":"","location":null,"email":null,"hireable":null,"bio":null,"twitter_username":null,"public_repos":9,"public_gists":0,"followers":0,"following":0,"created_at":"2018-05-24T06:15:23Z","updated_at":"2021-02-01T14:06:27Z","private_gists":0,"total_private_repos":0,"owned_private_repos":0,"disk_usage":2367,"collaborators":0,"two_factor_authentication":false,"plan":{"name":"free","space":976562499,"collaborators":0,"private_repos":10000}}
[info] 
[info] +  Success! Logged into GitHub as mohinimraut 
[info] 
